2025-02-03 18:10:32 - Starting SpringArduinoApplication using Java 17.0.5 with PID 83784 (/Users/stephentorku/Downloads/spring_arduino/build/classes/java/main started by stephentorku in /Users/stephentorku/Downloads/spring_arduino)
2025-02-03 18:10:32 - Running with Spring Boot v3.3.8, Spring v6.1.16
2025-02-03 18:10:32 - No active profile set, falling back to 1 default profile: "default"
2025-02-03 18:10:32 - Bootstrapping Spring Data JPA repositories in DEFAULT mode.
2025-02-03 18:10:32 - Finished Spring Data repository scanning in 35 ms. Found 1 JPA repository interface.
2025-02-03 18:10:33 - Tomcat initialized with port 8080 (http)
2025-02-03 18:10:33 - Initializing ProtocolHandler ["http-nio-8080"]
2025-02-03 18:10:33 - Starting service [Tomcat]
2025-02-03 18:10:33 - Starting Servlet engine: [Apache Tomcat/10.1.34]
2025-02-03 18:10:33 - Initializing Spring embedded WebApplicationContext
2025-02-03 18:10:33 - Root WebApplicationContext: initialization completed in 1075 ms
2025-02-03 18:10:33 - HHH000204: Processing PersistenceUnitInfo [name: default]
2025-02-03 18:10:33 - HHH000412: Hibernate ORM core version 6.5.3.Final
2025-02-03 18:10:33 - HHH000026: Second-level cache disabled
2025-02-03 18:10:33 - No LoadTimeWeaver setup: ignoring JPA class transformer
2025-02-03 18:10:33 - HikariPool-1 - Starting...
2025-02-03 18:10:34 - HikariPool-1 - Added connection conn0: url=jdbc:h2:mem:testdb user=SA
2025-02-03 18:10:34 - HikariPool-1 - Start completed.
2025-02-03 18:10:34 - HHH000489: No JTA platform available (set 'hibernate.transaction.jta.platform' to enable JTA platform integration)
2025-02-03 18:10:34 - Initialized JPA EntityManagerFactory for persistence unit 'default'
2025-02-03 18:10:35 - Exception encountered during context initialization - cancelling refresh attempt: org.springframework.beans.factory.UnsatisfiedDependencyException: Error creating bean with name 'OTPController': Unsatisfied dependency expressed through field 'otpService': Error creating bean with name 'OTPService' defined in file [/Users/stephentorku/Downloads/spring_arduino/build/classes/java/main/koco/cyber/spring_arduino/service/OTPService.class]: null
2025-02-03 18:10:35 - Closing JPA EntityManagerFactory for persistence unit 'default'
2025-02-03 18:10:35 - HikariPool-1 - Shutdown initiated...
2025-02-03 18:10:35 - HikariPool-1 - Shutdown completed.
2025-02-03 18:10:35 - Stopping service [Tomcat]
2025-02-03 18:10:35 - 

Error starting ApplicationContext. To display the condition evaluation report re-run your application with 'debug' enabled.
2025-02-03 18:10:35 - Application run failed
org.springframework.beans.factory.UnsatisfiedDependencyException: Error creating bean with name 'OTPController': Unsatisfied dependency expressed through field 'otpService': Error creating bean with name 'OTPService' defined in file [/Users/stephentorku/Downloads/spring_arduino/build/classes/java/main/koco/cyber/spring_arduino/service/OTPService.class]: null
	at org.springframework.beans.factory.annotation.AutowiredAnnotationBeanPostProcessor$AutowiredFieldElement.resolveFieldValue(AutowiredAnnotationBeanPostProcessor.java:788)
	at org.springframework.beans.factory.annotation.AutowiredAnnotationBeanPostProcessor$AutowiredFieldElement.inject(AutowiredAnnotationBeanPostProcessor.java:768)
	at org.springframework.beans.factory.annotation.InjectionMetadata.inject(InjectionMetadata.java:145)
	at org.springframework.beans.factory.annotation.AutowiredAnnotationBeanPostProcessor.postProcessProperties(AutowiredAnnotationBeanPostProcessor.java:509)
	at org.springframework.beans.factory.support.AbstractAutowireCapableBeanFactory.populateBean(AbstractAutowireCapableBeanFactory.java:1439)
	at org.springframework.beans.factory.support.AbstractAutowireCapableBeanFactory.doCreateBean(AbstractAutowireCapableBeanFactory.java:599)
	at org.springframework.beans.factory.support.AbstractAutowireCapableBeanFactory.createBean(AbstractAutowireCapableBeanFactory.java:522)
	at org.springframework.beans.factory.support.AbstractBeanFactory.lambda$doGetBean$0(AbstractBeanFactory.java:337)
	at org.springframework.beans.factory.support.DefaultSingletonBeanRegistry.getSingleton(DefaultSingletonBeanRegistry.java:234)
	at org.springframework.beans.factory.support.AbstractBeanFactory.doGetBean(AbstractBeanFactory.java:335)
	at org.springframework.beans.factory.support.AbstractBeanFactory.getBean(AbstractBeanFactory.java:200)
	at org.springframework.beans.factory.support.DefaultListableBeanFactory.preInstantiateSingletons(DefaultListableBeanFactory.java:975)
	at org.springframework.context.support.AbstractApplicationContext.finishBeanFactoryInitialization(AbstractApplicationContext.java:971)
	at org.springframework.context.support.AbstractApplicationContext.refresh(AbstractApplicationContext.java:625)
	at org.springframework.boot.web.servlet.context.ServletWebServerApplicationContext.refresh(ServletWebServerApplicationContext.java:146)
	at org.springframework.boot.SpringApplication.refresh(SpringApplication.java:754)
	at org.springframework.boot.SpringApplication.refreshContext(SpringApplication.java:456)
	at org.springframework.boot.SpringApplication.run(SpringApplication.java:335)
	at org.springframework.boot.SpringApplication.run(SpringApplication.java:1363)
	at org.springframework.boot.SpringApplication.run(SpringApplication.java:1352)
	at koco.cyber.spring_arduino.SpringArduinoApplication.main(SpringArduinoApplication.java:10)
Caused by: org.springframework.beans.factory.BeanCreationException: Error creating bean with name 'OTPService' defined in file [/Users/stephentorku/Downloads/spring_arduino/build/classes/java/main/koco/cyber/spring_arduino/service/OTPService.class]: null
	at org.springframework.beans.factory.support.AbstractAutowireCapableBeanFactory.instantiateBean(AbstractAutowireCapableBeanFactory.java:1337)
	at org.springframework.beans.factory.support.AbstractAutowireCapableBeanFactory.createBeanInstance(AbstractAutowireCapableBeanFactory.java:1222)
	at org.springframework.beans.factory.support.AbstractAutowireCapableBeanFactory.doCreateBean(AbstractAutowireCapableBeanFactory.java:562)
	at org.springframework.beans.factory.support.AbstractAutowireCapableBeanFactory.createBean(AbstractAutowireCapableBeanFactory.java:522)
	at org.springframework.beans.factory.support.AbstractBeanFactory.lambda$doGetBean$0(AbstractBeanFactory.java:337)
	at org.springframework.beans.factory.support.DefaultSingletonBeanRegistry.getSingleton(DefaultSingletonBeanRegistry.java:234)
	at org.springframework.beans.factory.support.AbstractBeanFactory.doGetBean(AbstractBeanFactory.java:335)
	at org.springframework.beans.factory.support.AbstractBeanFactory.getBean(AbstractBeanFactory.java:200)
	at org.springframework.beans.factory.config.DependencyDescriptor.resolveCandidate(DependencyDescriptor.java:254)
	at org.springframework.beans.factory.support.DefaultListableBeanFactory.doResolveDependency(DefaultListableBeanFactory.java:1448)
	at org.springframework.beans.factory.support.DefaultListableBeanFactory.resolveDependency(DefaultListableBeanFactory.java:1358)
	at org.springframework.beans.factory.annotation.AutowiredAnnotationBeanPostProcessor$AutowiredFieldElement.resolveFieldValue(AutowiredAnnotationBeanPostProcessor.java:785)
	... 20 common frames omitted
Caused by: java.lang.ExceptionInInitializerError: null
	at java.base/jdk.internal.reflect.NativeConstructorAccessorImpl.newInstance0(Native Method)
	at java.base/jdk.internal.reflect.NativeConstructorAccessorImpl.newInstance(NativeConstructorAccessorImpl.java:77)
	at java.base/jdk.internal.reflect.DelegatingConstructorAccessorImpl.newInstance(DelegatingConstructorAccessorImpl.java:45)
	at java.base/java.lang.reflect.Constructor.newInstanceWithCaller(Constructor.java:499)
	at java.base/java.lang.reflect.Constructor.newInstance(Constructor.java:480)
	at org.springframework.beans.BeanUtils.instantiateClass(BeanUtils.java:195)
	at org.springframework.beans.factory.support.SimpleInstantiationStrategy.instantiate(SimpleInstantiationStrategy.java:94)
	at org.springframework.beans.factory.support.AbstractAutowireCapableBeanFactory.instantiateBean(AbstractAutowireCapableBeanFactory.java:1331)
	... 31 common frames omitted
Caused by: java.lang.ClassCastException: class ch.qos.logback.classic.Logger cannot be cast to class java.util.logging.Logger (ch.qos.logback.classic.Logger is in unnamed module of loader 'app'; java.util.logging.Logger is in module java.logging of loader 'bootstrap')
	at koco.cyber.spring_arduino.service.OTPService.<clinit>(OTPService.java:19)
	... 39 common frames omitted
2025-02-03 18:27:42 - Starting SpringArduinoApplication using Java 17.0.5 with PID 84028 (/Users/stephentorku/Downloads/spring_arduino/build/classes/java/main started by stephentorku in /Users/stephentorku/Downloads/spring_arduino)
2025-02-03 18:27:42 - Running with Spring Boot v3.3.8, Spring v6.1.16
2025-02-03 18:27:42 - No active profile set, falling back to 1 default profile: "default"
2025-02-03 18:27:42 - Bootstrapping Spring Data JPA repositories in DEFAULT mode.
2025-02-03 18:27:42 - Finished Spring Data repository scanning in 33 ms. Found 1 JPA repository interface.
2025-02-03 18:27:43 - Tomcat initialized with port 8080 (http)
2025-02-03 18:27:43 - Initializing ProtocolHandler ["http-nio-8080"]
2025-02-03 18:27:43 - Starting service [Tomcat]
2025-02-03 18:27:43 - Starting Servlet engine: [Apache Tomcat/10.1.34]
2025-02-03 18:27:43 - Initializing Spring embedded WebApplicationContext
2025-02-03 18:27:43 - Root WebApplicationContext: initialization completed in 1087 ms
2025-02-03 18:27:43 - HHH000204: Processing PersistenceUnitInfo [name: default]
2025-02-03 18:27:43 - HHH000412: Hibernate ORM core version 6.5.3.Final
2025-02-03 18:27:43 - HHH000026: Second-level cache disabled
2025-02-03 18:27:43 - No LoadTimeWeaver setup: ignoring JPA class transformer
2025-02-03 18:27:43 - HikariPool-1 - Starting...
2025-02-03 18:27:44 - HikariPool-1 - Added connection conn0: url=jdbc:h2:mem:testdb user=SA
2025-02-03 18:27:44 - HikariPool-1 - Start completed.
2025-02-03 18:27:44 - HHH000489: No JTA platform available (set 'hibernate.transaction.jta.platform' to enable JTA platform integration)
2025-02-03 18:27:44 - Initialized JPA EntityManagerFactory for persistence unit 'default'
2025-02-03 18:27:44 - spring.jpa.open-in-view is enabled by default. Therefore, database queries may be performed during view rendering. Explicitly configure spring.jpa.open-in-view to disable this warning
2025-02-03 18:27:44 - Global AuthenticationManager configured with UserDetailsService bean with name adminAuthenticationService
2025-02-03 18:27:45 - 7 mappings in 'requestMappingHandlerMapping'
2025-02-03 18:27:45 - Patterns [/webjars/**, /**] in 'resourceHandlerMapping'
2025-02-03 18:27:45 - ControllerAdvice beans: 0 @ModelAttribute, 0 @InitBinder, 1 RequestBodyAdvice, 1 ResponseBodyAdvice
2025-02-03 18:27:45 - ControllerAdvice beans: 0 @ExceptionHandler, 1 ResponseBodyAdvice
2025-02-03 18:27:45 - H2 console available at '/h2-console'. Database available at 'jdbc:h2:mem:testdb'
2025-02-03 18:27:45 - Starting ProtocolHandler ["http-nio-8080"]
2025-02-03 18:27:45 - Tomcat started on port 8080 (http) with context path '/'
2025-02-03 18:27:45 - Started SpringArduinoApplication in 3.576 seconds (process running for 4.009)
2025-02-03 18:28:21 - Initializing Spring DispatcherServlet 'dispatcherServlet'
2025-02-03 18:28:21 - Initializing Servlet 'dispatcherServlet'
2025-02-03 18:28:21 - Detected StandardServletMultipartResolver
2025-02-03 18:28:21 - Detected AcceptHeaderLocaleResolver
2025-02-03 18:28:21 - Detected FixedThemeResolver
2025-02-03 18:28:21 - Detected org.springframework.web.servlet.view.DefaultRequestToViewNameTranslator@79169472
2025-02-03 18:28:21 - Detected org.springframework.web.servlet.support.SessionFlashMapManager@4f0f56f5
2025-02-03 18:28:21 - enableLoggingRequestDetails='false': request parameters and headers will be masked to prevent unsafe logging of potentially sensitive data
2025-02-03 18:28:21 - Completed initialization in 23 ms
2025-02-03 18:28:21 - POST "/otp/generate", parameters={multipart}
2025-02-03 18:28:21 - Mapped to koco.cyber.spring_arduino.controller.OTPController#generateOTP(String)
2025-02-03 18:28:21 - OTP generated
2025-02-03 18:28:33 - Email sent to: stephantorku18@gmail.com
2025-02-03 18:28:33 - Using 'text/plain', given [*/*] and supported [text/plain, */*, application/json, application/*+json]
2025-02-03 18:28:33 - Writing ["OTP has been sent to your email."]
2025-02-03 18:28:33 - Completed 200 OK
2025-02-03 18:29:09 - POST "/otp/validate", parameters={multipart}
2025-02-03 18:29:09 - Mapped to koco.cyber.spring_arduino.controller.OTPController#validateOTP(String, String)
2025-02-03 18:29:09 - OTP validated
2025-02-03 18:29:09 - Using 'text/plain', given [*/*] and supported [text/plain, */*, application/json, application/*+json]
2025-02-03 18:29:09 - Writing ["OTP is valid!"]
2025-02-03 18:29:09 - Completed 200 OK
2025-02-03 18:30:20 - Closing JPA EntityManagerFactory for persistence unit 'default'
2025-02-03 18:30:20 - HikariPool-1 - Shutdown initiated...
2025-02-03 18:30:20 - HikariPool-1 - Shutdown completed.
2025-02-03 20:59:24 - Starting SpringArduinoApplication using Java 17.0.5 with PID 85546 (/Users/stephentorku/Downloads/spring_arduino/build/classes/java/main started by stephentorku in /Users/stephentorku/Downloads/spring_arduino)
2025-02-03 20:59:24 - Running with Spring Boot v3.3.8, Spring v6.1.16
2025-02-03 20:59:24 - No active profile set, falling back to 1 default profile: "default"
2025-02-03 20:59:25 - Bootstrapping Spring Data JPA repositories in DEFAULT mode.
2025-02-03 20:59:25 - Finished Spring Data repository scanning in 62 ms. Found 1 JPA repository interface.
2025-02-03 20:59:26 - Tomcat initialized with port 8080 (http)
2025-02-03 20:59:26 - Initializing ProtocolHandler ["http-nio-8080"]
2025-02-03 20:59:26 - Starting service [Tomcat]
2025-02-03 20:59:26 - Starting Servlet engine: [Apache Tomcat/10.1.34]
2025-02-03 20:59:26 - Initializing Spring embedded WebApplicationContext
2025-02-03 20:59:26 - Root WebApplicationContext: initialization completed in 1558 ms
2025-02-03 20:59:26 - HHH000204: Processing PersistenceUnitInfo [name: default]
2025-02-03 20:59:26 - HHH000412: Hibernate ORM core version 6.5.3.Final
2025-02-03 20:59:26 - HHH000026: Second-level cache disabled
2025-02-03 20:59:27 - No LoadTimeWeaver setup: ignoring JPA class transformer
2025-02-03 20:59:27 - HikariPool-1 - Starting...
2025-02-03 20:59:27 - HikariPool-1 - Added connection conn0: url=jdbc:h2:mem:testdb user=SA
2025-02-03 20:59:27 - HikariPool-1 - Start completed.
2025-02-03 20:59:28 - HHH000489: No JTA platform available (set 'hibernate.transaction.jta.platform' to enable JTA platform integration)
2025-02-03 20:59:28 - Initialized JPA EntityManagerFactory for persistence unit 'default'
2025-02-03 20:59:28 - spring.jpa.open-in-view is enabled by default. Therefore, database queries may be performed during view rendering. Explicitly configure spring.jpa.open-in-view to disable this warning
2025-02-03 20:59:28 - Global AuthenticationManager configured with UserDetailsService bean with name adminAuthenticationService
2025-02-03 20:59:28 - 7 mappings in 'requestMappingHandlerMapping'
2025-02-03 20:59:29 - Patterns [/webjars/**, /**] in 'resourceHandlerMapping'
2025-02-03 20:59:29 - ControllerAdvice beans: 0 @ModelAttribute, 0 @InitBinder, 1 RequestBodyAdvice, 1 ResponseBodyAdvice
2025-02-03 20:59:29 - ControllerAdvice beans: 0 @ExceptionHandler, 1 ResponseBodyAdvice
2025-02-03 20:59:29 - H2 console available at '/h2-console'. Database available at 'jdbc:h2:mem:testdb'
2025-02-03 20:59:29 - Starting ProtocolHandler ["http-nio-8080"]
2025-02-03 20:59:29 - Tomcat started on port 8080 (http) with context path '/'
2025-02-03 20:59:29 - Started SpringArduinoApplication in 5.324 seconds (process running for 6.026)
2025-02-03 21:03:38 - Initializing Spring DispatcherServlet 'dispatcherServlet'
2025-02-03 21:03:38 - Initializing Servlet 'dispatcherServlet'
2025-02-03 21:03:38 - Detected StandardServletMultipartResolver
2025-02-03 21:03:38 - Detected AcceptHeaderLocaleResolver
2025-02-03 21:03:38 - Detected FixedThemeResolver
2025-02-03 21:03:38 - Detected org.springframework.web.servlet.view.DefaultRequestToViewNameTranslator@117be84a
2025-02-03 21:03:38 - Detected org.springframework.web.servlet.support.SessionFlashMapManager@13288174
2025-02-03 21:03:38 - enableLoggingRequestDetails='false': request parameters and headers will be masked to prevent unsafe logging of potentially sensitive data
2025-02-03 21:03:38 - Completed initialization in 2 ms
2025-02-03 21:03:38 - GET "/register", parameters={}
2025-02-03 21:03:38 - Mapped to koco.cyber.spring_arduino.controller.WebController#showRegisterPage()
2025-02-03 21:03:38 - Selected 'text/html' given [text/html, application/xhtml+xml, image/avif, image/webp, image/apng, application/xml;q=0.9, */*;q=0.8, application/signed-exchange;v=b3;q=0.7]
2025-02-03 21:03:38 - Completed 200 OK
2025-02-03 21:04:02 - POST "/auth/register", parameters={masked}
2025-02-03 21:04:02 - Mapped to koco.cyber.spring_arduino.controller.AuthController#registerUser(Administrator, Model)
2025-02-03 21:04:02 - View name [redirect:], model {}
2025-02-03 21:04:02 - Completed 302 FOUND
2025-02-03 21:04:02 - GET "/login", parameters={}
2025-02-03 21:04:02 - Mapped to ResourceHttpRequestHandler [classpath [META-INF/resources/], classpath [resources/], classpath [static/], classpath [public/], ServletContext [/]]
2025-02-03 21:04:02 - Resource not found
2025-02-03 21:04:02 - Resolved [org.springframework.web.servlet.resource.NoResourceFoundException: No static resource login.]
2025-02-03 21:04:02 - Completed 404 NOT_FOUND
2025-02-03 21:04:02 - GET "/login", parameters={}
2025-02-03 21:04:02 - Mapped to ResourceHttpRequestHandler [classpath [META-INF/resources/], classpath [resources/], classpath [static/], classpath [public/], ServletContext [/]]
2025-02-03 21:04:02 - Resource not found
2025-02-03 21:04:02 - Resolved [org.springframework.web.servlet.resource.NoResourceFoundException: No static resource login.]
2025-02-03 21:04:02 - Completed 404 NOT_FOUND
2025-02-03 21:04:02 - GET "/login", parameters={}
2025-02-03 21:04:02 - Mapped to ResourceHttpRequestHandler [classpath [META-INF/resources/], classpath [resources/], classpath [static/], classpath [public/], ServletContext [/]]
2025-02-03 21:04:02 - Resource not found
2025-02-03 21:04:02 - Resolved [org.springframework.web.servlet.resource.NoResourceFoundException: No static resource login.]
2025-02-03 21:04:02 - Completed 404 NOT_FOUND
2025-02-03 21:04:02 - GET "/login", parameters={}
2025-02-03 21:04:02 - Mapped to ResourceHttpRequestHandler [classpath [META-INF/resources/], classpath [resources/], classpath [static/], classpath [public/], ServletContext [/]]
2025-02-03 21:04:02 - Resource not found
2025-02-03 21:04:02 - Resolved [org.springframework.web.servlet.resource.NoResourceFoundException: No static resource login.]
2025-02-03 21:04:02 - Completed 404 NOT_FOUND
2025-02-03 21:04:02 - GET "/login", parameters={}
2025-02-03 21:04:02 - Mapped to ResourceHttpRequestHandler [classpath [META-INF/resources/], classpath [resources/], classpath [static/], classpath [public/], ServletContext [/]]
2025-02-03 21:04:02 - Resource not found
2025-02-03 21:04:02 - Resolved [org.springframework.web.servlet.resource.NoResourceFoundException: No static resource login.]
2025-02-03 21:04:02 - Completed 404 NOT_FOUND
2025-02-03 21:04:02 - GET "/login", parameters={}
2025-02-03 21:04:02 - Mapped to ResourceHttpRequestHandler [classpath [META-INF/resources/], classpath [resources/], classpath [static/], classpath [public/], ServletContext [/]]
2025-02-03 21:04:02 - Resource not found
2025-02-03 21:04:02 - Resolved [org.springframework.web.servlet.resource.NoResourceFoundException: No static resource login.]
2025-02-03 21:04:02 - Completed 404 NOT_FOUND
2025-02-03 21:04:02 - GET "/login", parameters={}
2025-02-03 21:04:02 - Mapped to ResourceHttpRequestHandler [classpath [META-INF/resources/], classpath [resources/], classpath [static/], classpath [public/], ServletContext [/]]
2025-02-03 21:04:02 - Resource not found
2025-02-03 21:04:02 - Resolved [org.springframework.web.servlet.resource.NoResourceFoundException: No static resource login.]
2025-02-03 21:04:02 - Completed 404 NOT_FOUND
2025-02-03 21:04:02 - GET "/login", parameters={}
2025-02-03 21:04:02 - Mapped to ResourceHttpRequestHandler [classpath [META-INF/resources/], classpath [resources/], classpath [static/], classpath [public/], ServletContext [/]]
2025-02-03 21:04:02 - Resource not found
2025-02-03 21:04:02 - Resolved [org.springframework.web.servlet.resource.NoResourceFoundException: No static resource login.]
2025-02-03 21:04:02 - Completed 404 NOT_FOUND
2025-02-03 21:04:02 - GET "/login", parameters={}
2025-02-03 21:04:02 - Mapped to ResourceHttpRequestHandler [classpath [META-INF/resources/], classpath [resources/], classpath [static/], classpath [public/], ServletContext [/]]
2025-02-03 21:04:02 - Resource not found
2025-02-03 21:04:02 - Resolved [org.springframework.web.servlet.resource.NoResourceFoundException: No static resource login.]
2025-02-03 21:04:02 - Completed 404 NOT_FOUND
2025-02-03 21:04:02 - GET "/login", parameters={}
2025-02-03 21:04:02 - Mapped to ResourceHttpRequestHandler [classpath [META-INF/resources/], classpath [resources/], classpath [static/], classpath [public/], ServletContext [/]]
2025-02-03 21:04:02 - Resource not found
2025-02-03 21:04:02 - Resolved [org.springframework.web.servlet.resource.NoResourceFoundException: No static resource login.]
2025-02-03 21:04:02 - Completed 404 NOT_FOUND
2025-02-03 21:04:02 - GET "/login", parameters={}
2025-02-03 21:04:02 - Mapped to ResourceHttpRequestHandler [classpath [META-INF/resources/], classpath [resources/], classpath [static/], classpath [public/], ServletContext [/]]
2025-02-03 21:04:02 - Resource not found
2025-02-03 21:04:02 - Resolved [org.springframework.web.servlet.resource.NoResourceFoundException: No static resource login.]
2025-02-03 21:04:02 - Completed 404 NOT_FOUND
2025-02-03 21:04:02 - GET "/login", parameters={}
2025-02-03 21:04:02 - Mapped to ResourceHttpRequestHandler [classpath [META-INF/resources/], classpath [resources/], classpath [static/], classpath [public/], ServletContext [/]]
2025-02-03 21:04:02 - Resource not found
2025-02-03 21:04:02 - Resolved [org.springframework.web.servlet.resource.NoResourceFoundException: No static resource login.]
2025-02-03 21:04:02 - Completed 404 NOT_FOUND
2025-02-03 21:04:02 - GET "/login", parameters={}
2025-02-03 21:04:02 - Mapped to ResourceHttpRequestHandler [classpath [META-INF/resources/], classpath [resources/], classpath [static/], classpath [public/], ServletContext [/]]
2025-02-03 21:04:02 - Resource not found
2025-02-03 21:04:02 - Resolved [org.springframework.web.servlet.resource.NoResourceFoundException: No static resource login.]
2025-02-03 21:04:02 - Completed 404 NOT_FOUND
2025-02-03 21:04:02 - GET "/login", parameters={}
2025-02-03 21:04:02 - Mapped to ResourceHttpRequestHandler [classpath [META-INF/resources/], classpath [resources/], classpath [static/], classpath [public/], ServletContext [/]]
2025-02-03 21:04:02 - Resource not found
2025-02-03 21:04:02 - Resolved [org.springframework.web.servlet.resource.NoResourceFoundException: No static resource login.]
2025-02-03 21:04:02 - Completed 404 NOT_FOUND
2025-02-03 21:04:02 - GET "/login", parameters={}
2025-02-03 21:04:02 - Mapped to ResourceHttpRequestHandler [classpath [META-INF/resources/], classpath [resources/], classpath [static/], classpath [public/], ServletContext [/]]
2025-02-03 21:04:02 - Resource not found
2025-02-03 21:04:02 - Resolved [org.springframework.web.servlet.resource.NoResourceFoundException: No static resource login.]
2025-02-03 21:04:02 - Completed 404 NOT_FOUND
2025-02-03 21:04:02 - GET "/login", parameters={}
2025-02-03 21:04:02 - Mapped to ResourceHttpRequestHandler [classpath [META-INF/resources/], classpath [resources/], classpath [static/], classpath [public/], ServletContext [/]]
2025-02-03 21:04:02 - Resource not found
2025-02-03 21:04:02 - Resolved [org.springframework.web.servlet.resource.NoResourceFoundException: No static resource login.]
2025-02-03 21:04:02 - Completed 404 NOT_FOUND
2025-02-03 21:04:02 - GET "/login", parameters={}
2025-02-03 21:04:02 - Mapped to ResourceHttpRequestHandler [classpath [META-INF/resources/], classpath [resources/], classpath [static/], classpath [public/], ServletContext [/]]
2025-02-03 21:04:02 - Resource not found
2025-02-03 21:04:02 - Resolved [org.springframework.web.servlet.resource.NoResourceFoundException: No static resource login.]
2025-02-03 21:04:02 - Completed 404 NOT_FOUND
2025-02-03 21:04:02 - GET "/login", parameters={}
2025-02-03 21:04:02 - Mapped to ResourceHttpRequestHandler [classpath [META-INF/resources/], classpath [resources/], classpath [static/], classpath [public/], ServletContext [/]]
2025-02-03 21:04:02 - Resource not found
2025-02-03 21:04:02 - Resolved [org.springframework.web.servlet.resource.NoResourceFoundException: No static resource login.]
2025-02-03 21:04:02 - Completed 404 NOT_FOUND
2025-02-03 21:04:02 - GET "/login", parameters={}
2025-02-03 21:04:02 - Mapped to ResourceHttpRequestHandler [classpath [META-INF/resources/], classpath [resources/], classpath [static/], classpath [public/], ServletContext [/]]
2025-02-03 21:04:02 - Resource not found
2025-02-03 21:04:02 - Resolved [org.springframework.web.servlet.resource.NoResourceFoundException: No static resource login.]
2025-02-03 21:04:02 - Completed 404 NOT_FOUND
2025-02-03 21:04:03 - GET "/login", parameters={}
2025-02-03 21:04:03 - Mapped to ResourceHttpRequestHandler [classpath [META-INF/resources/], classpath [resources/], classpath [static/], classpath [public/], ServletContext [/]]
2025-02-03 21:04:03 - Resource not found
2025-02-03 21:04:03 - Resolved [org.springframework.web.servlet.resource.NoResourceFoundException: No static resource login.]
2025-02-03 21:04:03 - Completed 404 NOT_FOUND
2025-02-03 21:04:03 - GET "/login", parameters={}
2025-02-03 21:04:03 - Mapped to ResourceHttpRequestHandler [classpath [META-INF/resources/], classpath [resources/], classpath [static/], classpath [public/], ServletContext [/]]
2025-02-03 21:04:03 - Resource not found
2025-02-03 21:04:03 - Resolved [org.springframework.web.servlet.resource.NoResourceFoundException: No static resource login.]
2025-02-03 21:04:03 - Completed 404 NOT_FOUND
2025-02-03 21:04:03 - GET "/login", parameters={}
2025-02-03 21:04:03 - Mapped to ResourceHttpRequestHandler [classpath [META-INF/resources/], classpath [resources/], classpath [static/], classpath [public/], ServletContext [/]]
2025-02-03 21:04:03 - Resource not found
2025-02-03 21:04:03 - Resolved [org.springframework.web.servlet.resource.NoResourceFoundException: No static resource login.]
2025-02-03 21:04:03 - Completed 404 NOT_FOUND
2025-02-03 21:04:03 - GET "/login", parameters={}
2025-02-03 21:04:03 - Mapped to ResourceHttpRequestHandler [classpath [META-INF/resources/], classpath [resources/], classpath [static/], classpath [public/], ServletContext [/]]
2025-02-03 21:04:03 - Resource not found
2025-02-03 21:04:03 - Resolved [org.springframework.web.servlet.resource.NoResourceFoundException: No static resource login.]
2025-02-03 21:04:03 - Completed 404 NOT_FOUND
2025-02-03 21:04:03 - GET "/login", parameters={}
2025-02-03 21:04:03 - Mapped to ResourceHttpRequestHandler [classpath [META-INF/resources/], classpath [resources/], classpath [static/], classpath [public/], ServletContext [/]]
2025-02-03 21:04:03 - Resource not found
2025-02-03 21:04:03 - Resolved [org.springframework.web.servlet.resource.NoResourceFoundException: No static resource login.]
2025-02-03 21:04:03 - Completed 404 NOT_FOUND
2025-02-03 21:04:03 - GET "/login", parameters={}
2025-02-03 21:04:03 - Mapped to ResourceHttpRequestHandler [classpath [META-INF/resources/], classpath [resources/], classpath [static/], classpath [public/], ServletContext [/]]
2025-02-03 21:04:03 - Resource not found
2025-02-03 21:04:03 - Resolved [org.springframework.web.servlet.resource.NoResourceFoundException: No static resource login.]
2025-02-03 21:04:03 - Completed 404 NOT_FOUND
2025-02-03 21:04:03 - GET "/login", parameters={}
2025-02-03 21:04:03 - Mapped to ResourceHttpRequestHandler [classpath [META-INF/resources/], classpath [resources/], classpath [static/], classpath [public/], ServletContext [/]]
2025-02-03 21:04:03 - Resource not found
2025-02-03 21:04:03 - Resolved [org.springframework.web.servlet.resource.NoResourceFoundException: No static resource login.]
2025-02-03 21:04:03 - Completed 404 NOT_FOUND
2025-02-03 21:04:03 - GET "/login", parameters={}
2025-02-03 21:04:03 - Mapped to ResourceHttpRequestHandler [classpath [META-INF/resources/], classpath [resources/], classpath [static/], classpath [public/], ServletContext [/]]
2025-02-03 21:04:03 - Resource not found
2025-02-03 21:04:03 - Resolved [org.springframework.web.servlet.resource.NoResourceFoundException: No static resource login.]
2025-02-03 21:04:03 - Completed 404 NOT_FOUND
2025-02-03 21:04:03 - GET "/login", parameters={}
2025-02-03 21:04:03 - Mapped to ResourceHttpRequestHandler [classpath [META-INF/resources/], classpath [resources/], classpath [static/], classpath [public/], ServletContext [/]]
2025-02-03 21:04:03 - Resource not found
2025-02-03 21:04:03 - Resolved [org.springframework.web.servlet.resource.NoResourceFoundException: No static resource login.]
2025-02-03 21:04:03 - Completed 404 NOT_FOUND
2025-02-03 21:04:03 - GET "/login", parameters={}
2025-02-03 21:04:03 - Mapped to ResourceHttpRequestHandler [classpath [META-INF/resources/], classpath [resources/], classpath [static/], classpath [public/], ServletContext [/]]
2025-02-03 21:04:03 - Resource not found
2025-02-03 21:04:03 - Resolved [org.springframework.web.servlet.resource.NoResourceFoundException: No static resource login.]
2025-02-03 21:04:03 - Completed 404 NOT_FOUND
2025-02-03 21:04:03 - GET "/login", parameters={}
2025-02-03 21:04:03 - Mapped to ResourceHttpRequestHandler [classpath [META-INF/resources/], classpath [resources/], classpath [static/], classpath [public/], ServletContext [/]]
2025-02-03 21:04:03 - Resource not found
2025-02-03 21:04:03 - Resolved [org.springframework.web.servlet.resource.NoResourceFoundException: No static resource login.]
2025-02-03 21:04:03 - Completed 404 NOT_FOUND
2025-02-03 21:04:03 - GET "/login", parameters={}
2025-02-03 21:04:03 - Mapped to ResourceHttpRequestHandler [classpath [META-INF/resources/], classpath [resources/], classpath [static/], classpath [public/], ServletContext [/]]
2025-02-03 21:04:03 - Resource not found
2025-02-03 21:04:03 - Resolved [org.springframework.web.servlet.resource.NoResourceFoundException: No static resource login.]
2025-02-03 21:04:03 - Completed 404 NOT_FOUND
2025-02-03 21:04:03 - GET "/login", parameters={}
2025-02-03 21:04:03 - Mapped to ResourceHttpRequestHandler [classpath [META-INF/resources/], classpath [resources/], classpath [static/], classpath [public/], ServletContext [/]]
2025-02-03 21:04:03 - Resource not found
2025-02-03 21:04:03 - Resolved [org.springframework.web.servlet.resource.NoResourceFoundException: No static resource login.]
2025-02-03 21:04:03 - Completed 404 NOT_FOUND
2025-02-03 21:04:03 - GET "/login", parameters={}
2025-02-03 21:04:03 - Mapped to ResourceHttpRequestHandler [classpath [META-INF/resources/], classpath [resources/], classpath [static/], classpath [public/], ServletContext [/]]
2025-02-03 21:04:03 - Resource not found
2025-02-03 21:04:03 - Resolved [org.springframework.web.servlet.resource.NoResourceFoundException: No static resource login.]
2025-02-03 21:04:03 - Completed 404 NOT_FOUND
2025-02-03 21:04:03 - GET "/login", parameters={}
2025-02-03 21:04:03 - Mapped to ResourceHttpRequestHandler [classpath [META-INF/resources/], classpath [resources/], classpath [static/], classpath [public/], ServletContext [/]]
2025-02-03 21:04:03 - Resource not found
2025-02-03 21:04:03 - Resolved [org.springframework.web.servlet.resource.NoResourceFoundException: No static resource login.]
2025-02-03 21:04:03 - Completed 404 NOT_FOUND
2025-02-03 21:04:03 - GET "/login", parameters={}
2025-02-03 21:04:03 - Mapped to ResourceHttpRequestHandler [classpath [META-INF/resources/], classpath [resources/], classpath [static/], classpath [public/], ServletContext [/]]
2025-02-03 21:04:03 - Resource not found
2025-02-03 21:04:03 - Resolved [org.springframework.web.servlet.resource.NoResourceFoundException: No static resource login.]
2025-02-03 21:04:03 - Completed 404 NOT_FOUND
2025-02-03 21:04:03 - GET "/login", parameters={}
2025-02-03 21:04:03 - Mapped to ResourceHttpRequestHandler [classpath [META-INF/resources/], classpath [resources/], classpath [static/], classpath [public/], ServletContext [/]]
2025-02-03 21:04:03 - Resource not found
2025-02-03 21:04:03 - Resolved [org.springframework.web.servlet.resource.NoResourceFoundException: No static resource login.]
2025-02-03 21:04:03 - Completed 404 NOT_FOUND
2025-02-03 21:04:03 - GET "/login", parameters={}
2025-02-03 21:04:03 - Mapped to ResourceHttpRequestHandler [classpath [META-INF/resources/], classpath [resources/], classpath [static/], classpath [public/], ServletContext [/]]
2025-02-03 21:04:03 - Resource not found
2025-02-03 21:04:03 - Resolved [org.springframework.web.servlet.resource.NoResourceFoundException: No static resource login.]
2025-02-03 21:04:03 - Completed 404 NOT_FOUND
2025-02-03 21:04:03 - GET "/login", parameters={}
2025-02-03 21:04:03 - Mapped to ResourceHttpRequestHandler [classpath [META-INF/resources/], classpath [resources/], classpath [static/], classpath [public/], ServletContext [/]]
2025-02-03 21:04:03 - Resource not found
2025-02-03 21:04:03 - Resolved [org.springframework.web.servlet.resource.NoResourceFoundException: No static resource login.]
2025-02-03 21:04:03 - Completed 404 NOT_FOUND
2025-02-03 21:04:03 - GET "/login", parameters={}
2025-02-03 21:04:03 - Mapped to ResourceHttpRequestHandler [classpath [META-INF/resources/], classpath [resources/], classpath [static/], classpath [public/], ServletContext [/]]
2025-02-03 21:04:03 - Resource not found
2025-02-03 21:04:03 - Resolved [org.springframework.web.servlet.resource.NoResourceFoundException: No static resource login.]
2025-02-03 21:04:03 - Completed 404 NOT_FOUND
2025-02-03 21:04:08 - GET "/login", parameters={}
2025-02-03 21:04:08 - Mapped to ResourceHttpRequestHandler [classpath [META-INF/resources/], classpath [resources/], classpath [static/], classpath [public/], ServletContext [/]]
2025-02-03 21:04:08 - Resource not found
2025-02-03 21:04:08 - Resolved [org.springframework.web.servlet.resource.NoResourceFoundException: No static resource login.]
2025-02-03 21:04:08 - Completed 404 NOT_FOUND
2025-02-03 21:04:08 - GET "/login", parameters={}
2025-02-03 21:04:08 - Mapped to ResourceHttpRequestHandler [classpath [META-INF/resources/], classpath [resources/], classpath [static/], classpath [public/], ServletContext [/]]
2025-02-03 21:04:08 - Resource not found
2025-02-03 21:04:08 - Resolved [org.springframework.web.servlet.resource.NoResourceFoundException: No static resource login.]
2025-02-03 21:04:08 - Completed 404 NOT_FOUND
2025-02-03 21:04:08 - GET "/login", parameters={}
2025-02-03 21:04:08 - Mapped to ResourceHttpRequestHandler [classpath [META-INF/resources/], classpath [resources/], classpath [static/], classpath [public/], ServletContext [/]]
2025-02-03 21:04:08 - Resource not found
2025-02-03 21:04:08 - Resolved [org.springframework.web.servlet.resource.NoResourceFoundException: No static resource login.]
2025-02-03 21:04:08 - Completed 404 NOT_FOUND
2025-02-03 21:04:09 - GET "/login", parameters={}
2025-02-03 21:04:09 - Mapped to ResourceHttpRequestHandler [classpath [META-INF/resources/], classpath [resources/], classpath [static/], classpath [public/], ServletContext [/]]
2025-02-03 21:04:09 - Resource not found
2025-02-03 21:04:09 - Resolved [org.springframework.web.servlet.resource.NoResourceFoundException: No static resource login.]
2025-02-03 21:04:09 - Completed 404 NOT_FOUND
2025-02-03 21:04:09 - GET "/login", parameters={}
2025-02-03 21:04:09 - Mapped to ResourceHttpRequestHandler [classpath [META-INF/resources/], classpath [resources/], classpath [static/], classpath [public/], ServletContext [/]]
2025-02-03 21:04:09 - Resource not found
2025-02-03 21:04:09 - Resolved [org.springframework.web.servlet.resource.NoResourceFoundException: No static resource login.]
2025-02-03 21:04:09 - Completed 404 NOT_FOUND
2025-02-03 21:04:09 - GET "/login", parameters={}
2025-02-03 21:04:09 - Mapped to ResourceHttpRequestHandler [classpath [META-INF/resources/], classpath [resources/], classpath [static/], classpath [public/], ServletContext [/]]
2025-02-03 21:04:09 - Resource not found
2025-02-03 21:04:09 - Resolved [org.springframework.web.servlet.resource.NoResourceFoundException: No static resource login.]
2025-02-03 21:04:09 - Completed 404 NOT_FOUND
2025-02-03 21:04:09 - GET "/login", parameters={}
2025-02-03 21:04:09 - Mapped to ResourceHttpRequestHandler [classpath [META-INF/resources/], classpath [resources/], classpath [static/], classpath [public/], ServletContext [/]]
2025-02-03 21:04:09 - Resource not found
2025-02-03 21:04:09 - Resolved [org.springframework.web.servlet.resource.NoResourceFoundException: No static resource login.]
2025-02-03 21:04:09 - Completed 404 NOT_FOUND
2025-02-03 21:04:09 - GET "/login", parameters={}
2025-02-03 21:04:09 - Mapped to ResourceHttpRequestHandler [classpath [META-INF/resources/], classpath [resources/], classpath [static/], classpath [public/], ServletContext [/]]
2025-02-03 21:04:09 - Resource not found
2025-02-03 21:04:09 - Resolved [org.springframework.web.servlet.resource.NoResourceFoundException: No static resource login.]
2025-02-03 21:04:09 - Completed 404 NOT_FOUND
2025-02-03 21:04:09 - GET "/login", parameters={}
2025-02-03 21:04:09 - Mapped to ResourceHttpRequestHandler [classpath [META-INF/resources/], classpath [resources/], classpath [static/], classpath [public/], ServletContext [/]]
2025-02-03 21:04:09 - Resource not found
2025-02-03 21:04:09 - Resolved [org.springframework.web.servlet.resource.NoResourceFoundException: No static resource login.]
2025-02-03 21:04:09 - Completed 404 NOT_FOUND
2025-02-03 21:04:09 - GET "/login", parameters={}
2025-02-03 21:04:09 - Mapped to ResourceHttpRequestHandler [classpath [META-INF/resources/], classpath [resources/], classpath [static/], classpath [public/], ServletContext [/]]
2025-02-03 21:04:09 - Resource not found
2025-02-03 21:04:09 - Resolved [org.springframework.web.servlet.resource.NoResourceFoundException: No static resource login.]
2025-02-03 21:04:09 - Completed 404 NOT_FOUND
2025-02-03 21:04:09 - GET "/login", parameters={}
2025-02-03 21:04:09 - Mapped to ResourceHttpRequestHandler [classpath [META-INF/resources/], classpath [resources/], classpath [static/], classpath [public/], ServletContext [/]]
2025-02-03 21:04:09 - Resource not found
2025-02-03 21:04:09 - Resolved [org.springframework.web.servlet.resource.NoResourceFoundException: No static resource login.]
2025-02-03 21:04:09 - Completed 404 NOT_FOUND
2025-02-03 21:04:09 - GET "/login", parameters={}
2025-02-03 21:04:09 - Mapped to ResourceHttpRequestHandler [classpath [META-INF/resources/], classpath [resources/], classpath [static/], classpath [public/], ServletContext [/]]
2025-02-03 21:04:09 - Resource not found
2025-02-03 21:04:09 - Resolved [org.springframework.web.servlet.resource.NoResourceFoundException: No static resource login.]
2025-02-03 21:04:09 - Completed 404 NOT_FOUND
2025-02-03 21:04:09 - GET "/login", parameters={}
2025-02-03 21:04:09 - Mapped to ResourceHttpRequestHandler [classpath [META-INF/resources/], classpath [resources/], classpath [static/], classpath [public/], ServletContext [/]]
2025-02-03 21:04:09 - Resource not found
2025-02-03 21:04:09 - Resolved [org.springframework.web.servlet.resource.NoResourceFoundException: No static resource login.]
2025-02-03 21:04:09 - Completed 404 NOT_FOUND
2025-02-03 21:04:09 - GET "/login", parameters={}
2025-02-03 21:04:09 - Mapped to ResourceHttpRequestHandler [classpath [META-INF/resources/], classpath [resources/], classpath [static/], classpath [public/], ServletContext [/]]
2025-02-03 21:04:09 - Resource not found
2025-02-03 21:04:09 - Resolved [org.springframework.web.servlet.resource.NoResourceFoundException: No static resource login.]
2025-02-03 21:04:09 - Completed 404 NOT_FOUND
2025-02-03 21:04:09 - GET "/login", parameters={}
2025-02-03 21:04:09 - Mapped to ResourceHttpRequestHandler [classpath [META-INF/resources/], classpath [resources/], classpath [static/], classpath [public/], ServletContext [/]]
2025-02-03 21:04:09 - Resource not found
2025-02-03 21:04:09 - Resolved [org.springframework.web.servlet.resource.NoResourceFoundException: No static resource login.]
2025-02-03 21:04:09 - Completed 404 NOT_FOUND
2025-02-03 21:04:09 - GET "/login", parameters={}
2025-02-03 21:04:09 - Mapped to ResourceHttpRequestHandler [classpath [META-INF/resources/], classpath [resources/], classpath [static/], classpath [public/], ServletContext [/]]
2025-02-03 21:04:09 - Resource not found
2025-02-03 21:04:09 - Resolved [org.springframework.web.servlet.resource.NoResourceFoundException: No static resource login.]
2025-02-03 21:04:09 - Completed 404 NOT_FOUND
2025-02-03 21:04:09 - GET "/login", parameters={}
2025-02-03 21:04:09 - Mapped to ResourceHttpRequestHandler [classpath [META-INF/resources/], classpath [resources/], classpath [static/], classpath [public/], ServletContext [/]]
2025-02-03 21:04:09 - Resource not found
2025-02-03 21:04:09 - Resolved [org.springframework.web.servlet.resource.NoResourceFoundException: No static resource login.]
2025-02-03 21:04:09 - Completed 404 NOT_FOUND
2025-02-03 21:04:09 - GET "/login", parameters={}
2025-02-03 21:04:09 - Mapped to ResourceHttpRequestHandler [classpath [META-INF/resources/], classpath [resources/], classpath [static/], classpath [public/], ServletContext [/]]
2025-02-03 21:04:09 - Resource not found
2025-02-03 21:04:09 - Resolved [org.springframework.web.servlet.resource.NoResourceFoundException: No static resource login.]
2025-02-03 21:04:09 - Completed 404 NOT_FOUND
2025-02-03 21:04:09 - GET "/login", parameters={}
2025-02-03 21:04:09 - Mapped to ResourceHttpRequestHandler [classpath [META-INF/resources/], classpath [resources/], classpath [static/], classpath [public/], ServletContext [/]]
2025-02-03 21:04:09 - Resource not found
2025-02-03 21:04:09 - Resolved [org.springframework.web.servlet.resource.NoResourceFoundException: No static resource login.]
2025-02-03 21:04:09 - Completed 404 NOT_FOUND
2025-02-03 21:04:09 - GET "/login", parameters={}
2025-02-03 21:04:09 - Mapped to ResourceHttpRequestHandler [classpath [META-INF/resources/], classpath [resources/], classpath [static/], classpath [public/], ServletContext [/]]
2025-02-03 21:04:09 - Resource not found
2025-02-03 21:04:09 - Resolved [org.springframework.web.servlet.resource.NoResourceFoundException: No static resource login.]
2025-02-03 21:04:09 - Completed 404 NOT_FOUND
2025-02-03 21:04:39 - GET "/login", parameters={}
2025-02-03 21:04:39 - Mapped to ResourceHttpRequestHandler [classpath [META-INF/resources/], classpath [resources/], classpath [static/], classpath [public/], ServletContext [/]]
2025-02-03 21:04:39 - Resource not found
2025-02-03 21:04:39 - Resolved [org.springframework.web.servlet.resource.NoResourceFoundException: No static resource login.]
2025-02-03 21:04:39 - Completed 404 NOT_FOUND
2025-02-03 21:04:39 - GET "/login", parameters={}
2025-02-03 21:04:39 - Mapped to ResourceHttpRequestHandler [classpath [META-INF/resources/], classpath [resources/], classpath [static/], classpath [public/], ServletContext [/]]
2025-02-03 21:04:39 - Resource not found
2025-02-03 21:04:39 - Resolved [org.springframework.web.servlet.resource.NoResourceFoundException: No static resource login.]
2025-02-03 21:04:39 - Completed 404 NOT_FOUND
2025-02-03 21:04:39 - GET "/login", parameters={}
2025-02-03 21:04:39 - Mapped to ResourceHttpRequestHandler [classpath [META-INF/resources/], classpath [resources/], classpath [static/], classpath [public/], ServletContext [/]]
2025-02-03 21:04:39 - Resource not found
2025-02-03 21:04:39 - Resolved [org.springframework.web.servlet.resource.NoResourceFoundException: No static resource login.]
2025-02-03 21:04:39 - Completed 404 NOT_FOUND
2025-02-03 21:04:39 - GET "/login", parameters={}
2025-02-03 21:04:39 - Mapped to ResourceHttpRequestHandler [classpath [META-INF/resources/], classpath [resources/], classpath [static/], classpath [public/], ServletContext [/]]
2025-02-03 21:04:39 - Resource not found
2025-02-03 21:04:39 - Resolved [org.springframework.web.servlet.resource.NoResourceFoundException: No static resource login.]
2025-02-03 21:04:39 - Completed 404 NOT_FOUND
2025-02-03 21:04:39 - GET "/login", parameters={}
2025-02-03 21:04:39 - Mapped to ResourceHttpRequestHandler [classpath [META-INF/resources/], classpath [resources/], classpath [static/], classpath [public/], ServletContext [/]]
2025-02-03 21:04:39 - Resource not found
2025-02-03 21:04:39 - Resolved [org.springframework.web.servlet.resource.NoResourceFoundException: No static resource login.]
2025-02-03 21:04:39 - Completed 404 NOT_FOUND
2025-02-03 21:04:39 - GET "/login", parameters={}
2025-02-03 21:04:39 - Mapped to ResourceHttpRequestHandler [classpath [META-INF/resources/], classpath [resources/], classpath [static/], classpath [public/], ServletContext [/]]
2025-02-03 21:04:39 - Resource not found
2025-02-03 21:04:39 - Resolved [org.springframework.web.servlet.resource.NoResourceFoundException: No static resource login.]
2025-02-03 21:04:39 - Completed 404 NOT_FOUND
2025-02-03 21:04:39 - GET "/login", parameters={}
2025-02-03 21:04:39 - Mapped to ResourceHttpRequestHandler [classpath [META-INF/resources/], classpath [resources/], classpath [static/], classpath [public/], ServletContext [/]]
2025-02-03 21:04:39 - Resource not found
2025-02-03 21:04:39 - Resolved [org.springframework.web.servlet.resource.NoResourceFoundException: No static resource login.]
2025-02-03 21:04:39 - Completed 404 NOT_FOUND
2025-02-03 21:04:39 - GET "/login", parameters={}
2025-02-03 21:04:39 - Mapped to ResourceHttpRequestHandler [classpath [META-INF/resources/], classpath [resources/], classpath [static/], classpath [public/], ServletContext [/]]
2025-02-03 21:04:39 - Resource not found
2025-02-03 21:04:39 - Resolved [org.springframework.web.servlet.resource.NoResourceFoundException: No static resource login.]
2025-02-03 21:04:39 - Completed 404 NOT_FOUND
2025-02-03 21:04:39 - GET "/login", parameters={}
2025-02-03 21:04:39 - Mapped to ResourceHttpRequestHandler [classpath [META-INF/resources/], classpath [resources/], classpath [static/], classpath [public/], ServletContext [/]]
2025-02-03 21:04:39 - Resource not found
2025-02-03 21:04:39 - Resolved [org.springframework.web.servlet.resource.NoResourceFoundException: No static resource login.]
2025-02-03 21:04:39 - Completed 404 NOT_FOUND
2025-02-03 21:04:39 - GET "/login", parameters={}
2025-02-03 21:04:39 - Mapped to ResourceHttpRequestHandler [classpath [META-INF/resources/], classpath [resources/], classpath [static/], classpath [public/], ServletContext [/]]
2025-02-03 21:04:39 - Resource not found
2025-02-03 21:04:39 - Resolved [org.springframework.web.servlet.resource.NoResourceFoundException: No static resource login.]
2025-02-03 21:04:39 - Completed 404 NOT_FOUND
2025-02-03 21:04:39 - GET "/login", parameters={}
2025-02-03 21:04:39 - Mapped to ResourceHttpRequestHandler [classpath [META-INF/resources/], classpath [resources/], classpath [static/], classpath [public/], ServletContext [/]]
2025-02-03 21:04:39 - Resource not found
2025-02-03 21:04:39 - Resolved [org.springframework.web.servlet.resource.NoResourceFoundException: No static resource login.]
2025-02-03 21:04:39 - Completed 404 NOT_FOUND
2025-02-03 21:04:39 - GET "/login", parameters={}
2025-02-03 21:04:39 - Mapped to ResourceHttpRequestHandler [classpath [META-INF/resources/], classpath [resources/], classpath [static/], classpath [public/], ServletContext [/]]
2025-02-03 21:04:39 - Resource not found
2025-02-03 21:04:39 - Resolved [org.springframework.web.servlet.resource.NoResourceFoundException: No static resource login.]
2025-02-03 21:04:39 - Completed 404 NOT_FOUND
2025-02-03 21:04:39 - GET "/login", parameters={}
2025-02-03 21:04:39 - Mapped to ResourceHttpRequestHandler [classpath [META-INF/resources/], classpath [resources/], classpath [static/], classpath [public/], ServletContext [/]]
2025-02-03 21:04:39 - Resource not found
2025-02-03 21:04:39 - Resolved [org.springframework.web.servlet.resource.NoResourceFoundException: No static resource login.]
2025-02-03 21:04:39 - Completed 404 NOT_FOUND
2025-02-03 21:04:39 - GET "/login", parameters={}
2025-02-03 21:04:39 - Mapped to ResourceHttpRequestHandler [classpath [META-INF/resources/], classpath [resources/], classpath [static/], classpath [public/], ServletContext [/]]
2025-02-03 21:04:39 - Resource not found
2025-02-03 21:04:39 - Resolved [org.springframework.web.servlet.resource.NoResourceFoundException: No static resource login.]
2025-02-03 21:04:39 - Completed 404 NOT_FOUND
2025-02-03 21:04:39 - GET "/login", parameters={}
2025-02-03 21:04:39 - Mapped to ResourceHttpRequestHandler [classpath [META-INF/resources/], classpath [resources/], classpath [static/], classpath [public/], ServletContext [/]]
2025-02-03 21:04:39 - Resource not found
2025-02-03 21:04:39 - Resolved [org.springframework.web.servlet.resource.NoResourceFoundException: No static resource login.]
2025-02-03 21:04:39 - Completed 404 NOT_FOUND
2025-02-03 21:04:39 - GET "/login", parameters={}
2025-02-03 21:04:39 - Mapped to ResourceHttpRequestHandler [classpath [META-INF/resources/], classpath [resources/], classpath [static/], classpath [public/], ServletContext [/]]
2025-02-03 21:04:39 - Resource not found
2025-02-03 21:04:39 - Resolved [org.springframework.web.servlet.resource.NoResourceFoundException: No static resource login.]
2025-02-03 21:04:39 - Completed 404 NOT_FOUND
2025-02-03 21:04:39 - GET "/login", parameters={}
2025-02-03 21:04:39 - Mapped to ResourceHttpRequestHandler [classpath [META-INF/resources/], classpath [resources/], classpath [static/], classpath [public/], ServletContext [/]]
2025-02-03 21:04:39 - Resource not found
2025-02-03 21:04:39 - Resolved [org.springframework.web.servlet.resource.NoResourceFoundException: No static resource login.]
2025-02-03 21:04:39 - Completed 404 NOT_FOUND
2025-02-03 21:04:39 - GET "/login", parameters={}
2025-02-03 21:04:39 - Mapped to ResourceHttpRequestHandler [classpath [META-INF/resources/], classpath [resources/], classpath [static/], classpath [public/], ServletContext [/]]
2025-02-03 21:04:39 - Resource not found
2025-02-03 21:04:39 - Resolved [org.springframework.web.servlet.resource.NoResourceFoundException: No static resource login.]
2025-02-03 21:04:39 - Completed 404 NOT_FOUND
2025-02-03 21:04:39 - GET "/login", parameters={}
2025-02-03 21:04:39 - Mapped to ResourceHttpRequestHandler [classpath [META-INF/resources/], classpath [resources/], classpath [static/], classpath [public/], ServletContext [/]]
2025-02-03 21:04:39 - Resource not found
2025-02-03 21:04:39 - Resolved [org.springframework.web.servlet.resource.NoResourceFoundException: No static resource login.]
2025-02-03 21:04:39 - Completed 404 NOT_FOUND
2025-02-03 21:04:39 - GET "/login", parameters={}
2025-02-03 21:04:39 - Mapped to ResourceHttpRequestHandler [classpath [META-INF/resources/], classpath [resources/], classpath [static/], classpath [public/], ServletContext [/]]
2025-02-03 21:04:39 - Resource not found
2025-02-03 21:04:39 - Resolved [org.springframework.web.servlet.resource.NoResourceFoundException: No static resource login.]
2025-02-03 21:04:39 - Completed 404 NOT_FOUND
2025-02-03 21:04:48 - GET "/register", parameters={}
2025-02-03 21:04:48 - Mapped to koco.cyber.spring_arduino.controller.WebController#showRegisterPage()
2025-02-03 21:04:48 - Selected 'text/html' given [text/html, application/xhtml+xml, image/avif, image/webp, image/apng, application/xml;q=0.9, */*;q=0.8, application/signed-exchange;v=b3;q=0.7]
2025-02-03 21:04:48 - Completed 200 OK
2025-02-03 21:05:30 - Closing JPA EntityManagerFactory for persistence unit 'default'
2025-02-03 21:05:30 - HikariPool-1 - Shutdown initiated...
2025-02-03 21:05:30 - HikariPool-1 - Shutdown completed.
2025-02-03 21:05:33 - Starting SpringArduinoApplication using Java 17.0.5 with PID 85626 (/Users/stephentorku/Downloads/spring_arduino/build/classes/java/main started by stephentorku in /Users/stephentorku/Downloads/spring_arduino)
2025-02-03 21:05:33 - Running with Spring Boot v3.3.8, Spring v6.1.16
2025-02-03 21:05:33 - No active profile set, falling back to 1 default profile: "default"
2025-02-03 21:05:34 - Bootstrapping Spring Data JPA repositories in DEFAULT mode.
2025-02-03 21:05:34 - Finished Spring Data repository scanning in 53 ms. Found 1 JPA repository interface.
2025-02-03 21:05:35 - Tomcat initialized with port 8080 (http)
2025-02-03 21:05:35 - Initializing ProtocolHandler ["http-nio-8080"]
2025-02-03 21:05:35 - Starting service [Tomcat]
2025-02-03 21:05:35 - Starting Servlet engine: [Apache Tomcat/10.1.34]
2025-02-03 21:05:35 - Initializing Spring embedded WebApplicationContext
2025-02-03 21:05:35 - Root WebApplicationContext: initialization completed in 1413 ms
2025-02-03 21:05:35 - HHH000204: Processing PersistenceUnitInfo [name: default]
2025-02-03 21:05:35 - HHH000412: Hibernate ORM core version 6.5.3.Final
2025-02-03 21:05:35 - HHH000026: Second-level cache disabled
2025-02-03 21:05:35 - No LoadTimeWeaver setup: ignoring JPA class transformer
2025-02-03 21:05:35 - HikariPool-1 - Starting...
2025-02-03 21:05:35 - HikariPool-1 - Added connection conn0: url=jdbc:h2:mem:testdb user=SA
2025-02-03 21:05:35 - HikariPool-1 - Start completed.
2025-02-03 21:05:36 - HHH000489: No JTA platform available (set 'hibernate.transaction.jta.platform' to enable JTA platform integration)
2025-02-03 21:05:37 - Initialized JPA EntityManagerFactory for persistence unit 'default'
2025-02-03 21:05:37 - spring.jpa.open-in-view is enabled by default. Therefore, database queries may be performed during view rendering. Explicitly configure spring.jpa.open-in-view to disable this warning
2025-02-03 21:05:37 - Global AuthenticationManager configured with UserDetailsService bean with name adminAuthenticationService
2025-02-03 21:05:37 - 7 mappings in 'requestMappingHandlerMapping'
2025-02-03 21:05:37 - Patterns [/webjars/**, /**] in 'resourceHandlerMapping'
2025-02-03 21:05:38 - ControllerAdvice beans: 0 @ModelAttribute, 0 @InitBinder, 1 RequestBodyAdvice, 1 ResponseBodyAdvice
2025-02-03 21:05:38 - ControllerAdvice beans: 0 @ExceptionHandler, 1 ResponseBodyAdvice
2025-02-03 21:05:38 - H2 console available at '/h2-console'. Database available at 'jdbc:h2:mem:testdb'
2025-02-03 21:05:38 - Starting ProtocolHandler ["http-nio-8080"]
2025-02-03 21:05:38 - Tomcat started on port 8080 (http) with context path '/'
2025-02-03 21:05:38 - Started SpringArduinoApplication in 5.237 seconds (process running for 5.803)
2025-02-03 21:05:41 - Initializing Spring DispatcherServlet 'dispatcherServlet'
2025-02-03 21:05:41 - Initializing Servlet 'dispatcherServlet'
2025-02-03 21:05:41 - Detected StandardServletMultipartResolver
2025-02-03 21:05:41 - Detected AcceptHeaderLocaleResolver
2025-02-03 21:05:41 - Detected FixedThemeResolver
2025-02-03 21:05:41 - Detected org.springframework.web.servlet.view.DefaultRequestToViewNameTranslator@74120029
2025-02-03 21:05:41 - Detected org.springframework.web.servlet.support.SessionFlashMapManager@58df2864
2025-02-03 21:05:41 - enableLoggingRequestDetails='false': request parameters and headers will be masked to prevent unsafe logging of potentially sensitive data
2025-02-03 21:05:41 - Completed initialization in 5 ms
2025-02-03 21:05:41 - GET "/register", parameters={}
2025-02-03 21:05:41 - Mapped to koco.cyber.spring_arduino.controller.WebController#showRegisterPage()
2025-02-03 21:05:41 - Selected 'text/html' given [text/html, application/xhtml+xml, image/avif, image/webp, image/apng, application/xml;q=0.9, */*;q=0.8, application/signed-exchange;v=b3;q=0.7]
2025-02-03 21:05:41 - Completed 200 OK
2025-02-03 21:05:50 - POST "/auth/register", parameters={masked}
2025-02-03 21:05:50 - Mapped to koco.cyber.spring_arduino.controller.AuthController#registerUser(Administrator, Model)
2025-02-03 21:05:51 - View name [redirect:], model {}
2025-02-03 21:05:51 - Completed 302 FOUND
2025-02-03 21:05:51 - GET "/login", parameters={}
2025-02-03 21:05:51 - Mapped to ResourceHttpRequestHandler [classpath [META-INF/resources/], classpath [resources/], classpath [static/], classpath [public/], ServletContext [/]]
2025-02-03 21:05:51 - Resource not found
2025-02-03 21:05:51 - Resolved [org.springframework.web.servlet.resource.NoResourceFoundException: No static resource login.]
2025-02-03 21:05:51 - Completed 404 NOT_FOUND
2025-02-03 21:10:10 - Closing JPA EntityManagerFactory for persistence unit 'default'
2025-02-03 21:10:10 - HikariPool-1 - Shutdown initiated...
2025-02-03 21:10:10 - HikariPool-1 - Shutdown completed.
2025-02-03 21:10:13 - Starting SpringArduinoApplication using Java 17.0.5 with PID 85696 (/Users/stephentorku/Downloads/spring_arduino/build/classes/java/main started by stephentorku in /Users/stephentorku/Downloads/spring_arduino)
2025-02-03 21:10:13 - Running with Spring Boot v3.3.8, Spring v6.1.16
2025-02-03 21:10:13 - No active profile set, falling back to 1 default profile: "default"
2025-02-03 21:10:14 - Bootstrapping Spring Data JPA repositories in DEFAULT mode.
2025-02-03 21:10:14 - Finished Spring Data repository scanning in 51 ms. Found 1 JPA repository interface.
2025-02-03 21:10:15 - Tomcat initialized with port 8080 (http)
2025-02-03 21:10:15 - Initializing ProtocolHandler ["http-nio-8080"]
2025-02-03 21:10:15 - Starting service [Tomcat]
2025-02-03 21:10:15 - Starting Servlet engine: [Apache Tomcat/10.1.34]
2025-02-03 21:10:15 - Initializing Spring embedded WebApplicationContext
2025-02-03 21:10:15 - Root WebApplicationContext: initialization completed in 1425 ms
2025-02-03 21:10:15 - HHH000204: Processing PersistenceUnitInfo [name: default]
2025-02-03 21:10:15 - HHH000412: Hibernate ORM core version 6.5.3.Final
2025-02-03 21:10:15 - HHH000026: Second-level cache disabled
2025-02-03 21:10:15 - No LoadTimeWeaver setup: ignoring JPA class transformer
2025-02-03 21:10:15 - HikariPool-1 - Starting...
2025-02-03 21:10:15 - HikariPool-1 - Added connection conn0: url=jdbc:h2:mem:testdb user=SA
2025-02-03 21:10:15 - HikariPool-1 - Start completed.
2025-02-03 21:10:16 - HHH000489: No JTA platform available (set 'hibernate.transaction.jta.platform' to enable JTA platform integration)
2025-02-03 21:10:16 - Initialized JPA EntityManagerFactory for persistence unit 'default'
2025-02-03 21:10:17 - spring.jpa.open-in-view is enabled by default. Therefore, database queries may be performed during view rendering. Explicitly configure spring.jpa.open-in-view to disable this warning
2025-02-03 21:10:17 - Global AuthenticationManager configured with UserDetailsService bean with name adminAuthenticationService
2025-02-03 21:10:17 - 7 mappings in 'requestMappingHandlerMapping'
2025-02-03 21:10:17 - Patterns [/webjars/**, /**] in 'resourceHandlerMapping'
2025-02-03 21:10:17 - ControllerAdvice beans: 0 @ModelAttribute, 0 @InitBinder, 1 RequestBodyAdvice, 1 ResponseBodyAdvice
2025-02-03 21:10:17 - ControllerAdvice beans: 0 @ExceptionHandler, 1 ResponseBodyAdvice
2025-02-03 21:10:17 - H2 console available at '/h2-console'. Database available at 'jdbc:h2:mem:testdb'
2025-02-03 21:10:17 - Starting ProtocolHandler ["http-nio-8080"]
2025-02-03 21:10:17 - Tomcat started on port 8080 (http) with context path '/'
2025-02-03 21:10:18 - Started SpringArduinoApplication in 4.841 seconds (process running for 5.517)
2025-02-03 21:10:25 - Initializing Spring DispatcherServlet 'dispatcherServlet'
2025-02-03 21:10:25 - Initializing Servlet 'dispatcherServlet'
2025-02-03 21:10:25 - Detected StandardServletMultipartResolver
2025-02-03 21:10:25 - Detected AcceptHeaderLocaleResolver
2025-02-03 21:10:25 - Detected FixedThemeResolver
2025-02-03 21:10:25 - Detected org.springframework.web.servlet.view.DefaultRequestToViewNameTranslator@588614f9
2025-02-03 21:10:25 - Detected org.springframework.web.servlet.support.SessionFlashMapManager@7ffb0bb4
2025-02-03 21:10:25 - enableLoggingRequestDetails='false': request parameters and headers will be masked to prevent unsafe logging of potentially sensitive data
2025-02-03 21:10:25 - Completed initialization in 1 ms
2025-02-03 21:10:35 - GET "/register", parameters={}
2025-02-03 21:10:35 - Mapped to koco.cyber.spring_arduino.controller.WebController#showRegisterPage()
2025-02-03 21:10:35 - Selected 'text/html' given [text/html, application/xhtml+xml, image/avif, image/webp, image/apng, application/xml;q=0.9, */*;q=0.8, application/signed-exchange;v=b3;q=0.7]
2025-02-03 21:10:36 - Completed 200 OK
2025-02-03 21:10:44 - POST "/auth/register", parameters={masked}
2025-02-03 21:10:44 - Mapped to koco.cyber.spring_arduino.controller.AuthController#registerUser(Administrator, Model)
2025-02-03 21:10:44 - View name [redirect:], model {}
2025-02-03 21:10:44 - Completed 302 FOUND
2025-02-03 21:11:08 - GET "/?continue", parameters={masked}
2025-02-03 21:11:08 - Mapped to ResourceHttpRequestHandler [classpath [META-INF/resources/], classpath [resources/], classpath [static/], classpath [public/], ServletContext [/]]
2025-02-03 21:11:08 - Resource not found
2025-02-03 21:11:08 - Resolved [org.springframework.web.servlet.resource.NoResourceFoundException: No static resource .]
2025-02-03 21:11:08 - Completed 404 NOT_FOUND
2025-02-03 21:11:08 - "ERROR" dispatch for GET "/error?continue", parameters={masked}
2025-02-03 21:11:08 - Mapped to org.springframework.boot.autoconfigure.web.servlet.error.BasicErrorController#errorHtml(HttpServletRequest, HttpServletResponse)
2025-02-03 21:11:08 - Selected 'text/html' given [text/html, text/html;q=0.8]
2025-02-03 21:11:08 - Exiting from "ERROR" dispatch, status 404
2025-02-03 21:11:20 - GET "/home", parameters={}
2025-02-03 21:11:20 - Mapped to koco.cyber.spring_arduino.controller.WebController#showHomePage()
2025-02-03 21:11:20 - Selected 'text/html' given [text/html, application/xhtml+xml, image/avif, image/webp, image/apng, application/xml;q=0.9, */*;q=0.8, application/signed-exchange;v=b3;q=0.7]
2025-02-03 21:11:20 - Completed 200 OK
2025-02-03 21:13:43 - Closing JPA EntityManagerFactory for persistence unit 'default'
2025-02-03 21:13:43 - HikariPool-1 - Shutdown initiated...
2025-02-03 21:13:43 - HikariPool-1 - Shutdown completed.
